<?xml version="1.0" encoding="UTF-8"?>
<testng-results skipped="0" failed="0" total="1" passed="1">
  <reporter-output>
  </reporter-output>
  <suite name="Default suite" duration-ms="93" started-at="2016-05-22T20:55:12Z" finished-at="2016-05-22T20:55:12Z">
    <groups>
    </groups>
    <test name="Default test" duration-ms="93" started-at="2016-05-22T20:55:12Z" finished-at="2016-05-22T20:55:12Z">
      <class name="gitTestpac.gitTestClass">
        <test-method status="PASS" signature="testfun()[pri:0, instance:gitTestpac.gitTestClass@59e84876]" name="testfun" duration-ms="37" started-at="2016-05-22T13:55:12Z" finished-at="2016-05-22T13:55:12Z">
          <reporter-output>
          </reporter-output>
        </test-method> <!-- testfun -->
      </class> <!-- gitTestpac.gitTestClass -->
    </test> <!-- Default test -->
  </suite> <!-- Default suite -->
</testng-results>
